<?xml version="1.0" encoding="UTF-8"?>
<!-- Generated by org.testng.reporters.JUnitReportReporter -->
<testsuite hostname="LAPTOP-CJ41LFN6" failures="0" tests="1" name="testcases.PutTestCase" time="0.136" errors="0" timestamp="2024-01-08T17:07:29 GMT" skipped="0">
  <testcase classname="testcases.PutTestCase" name="testUpdateUserDetails" time="0.136"/>
  <system-out/>
</testsuite> <!-- testcases.PutTestCase -->
