<?xml version="1.0" encoding="UTF-8"?>
<!-- Generated by org.testng.reporters.JUnitReportReporter -->
<testsuite hostname="LAPTOP-CJ41LFN6" failures="0" tests="10" name="testcases.TestCase" time="1.922" errors="0" timestamp="2024-01-02T16:19:09 GMT" skipped="8">
  <testcase classname="testcases.TestCase" name="testRegisterSucessfull" time="1.792"/>
  <system-out/>
  <testcase classname="testcases.TestCase" name="testRegisterUnsucessfull" time="0.130"/>
  <system-out/>
  <testcase classname="testcases.TestCase" name="testGetSingleUsersNotFound">
    <skipped/>
  </testcase> <!-- testGetSingleUsersNotFound -->
  <system-out/>
  <testcase classname="testcases.TestCase" name="testGetListUsers">
    <skipped/>
  </testcase> <!-- testGetListUsers -->
  <system-out/>
  <testcase classname="testcases.TestCase" name="testGetSingleResourse">
    <skipped/>
  </testcase> <!-- testGetSingleResourse -->
  <system-out/>
  <testcase classname="testcases.TestCase" name="testGetSingleResourceNotFound">
    <skipped/>
  </testcase> <!-- testGetSingleResourceNotFound -->
  <system-out/>
  <testcase classname="testcases.TestCase" name="testGetListResourses">
    <skipped/>
  </testcase> <!-- testGetListResourses -->
  <system-out/>
  <testcase classname="testcases.TestCase" name="testGetSingleUser">
    <skipped/>
  </testcase> <!-- testGetSingleUser -->
  <system-out/>
  <testcase classname="testcases.TestCase" name="testDeleteUser">
    <skipped/>
  </testcase> <!-- testDeleteUser -->
  <system-out/>
  <testcase classname="testcases.TestCase" name="testCreateUser">
    <skipped/>
  </testcase> <!-- testCreateUser -->
  <system-out/>
</testsuite> <!-- testcases.TestCase -->
