<?xml version="1.0" encoding="UTF-8"?>
<!-- Generated by org.testng.reporters.JUnitReportReporter -->
<testsuite skipped="0" hostname="LAPTOP-CJ41LFN6" name="assignmentTest.Assignment1_Test" tests="3" failures="0" timestamp="20 Nov 2023 15:09:52 GMT" time="0.011" errors="0">
  <testcase name="testMultipleCharacters" time="0.000" classname="assignmentTest.Assignment1_Test"/>
  <testcase name="emptyString" time="0.010" classname="assignmentTest.Assignment1_Test"/>
  <testcase name="testWithDigitsAndSpecialChars" time="0.001" classname="assignmentTest.Assignment1_Test"/>
</testsuite> <!-- assignmentTest.Assignment1_Test -->
