<?xml version="1.0" encoding="UTF-8"?>
<!-- Generated by org.testng.reporters.JUnitReportReporter -->
<testsuite skipped="0" hostname="LAPTOP-CJ41LFN6" name="testCases.Test2" tests="1" failures="0" timestamp="5 Dec 2023 14:43:40 GMT" time="0.008" errors="0">
  <testcase name="testGet" time="0.008" classname="testCases.Test2"/>
</testsuite> <!-- testCases.Test2 -->
