<?xml version="1.0" encoding="UTF-8"?>
<!-- Generated by org.testng.reporters.JUnitReportReporter -->
<testsuite skipped="0" hostname="LAPTOP-CJ41LFN6" name="testCases.Test1" tests="2" failures="0" timestamp="4 Dec 2023 18:02:18 GMT" time="2.131" errors="0">
  <testcase name="testPost2" time="0.205" classname="testCases.Test1"/>
  <testcase name="testPost" time="1.926" classname="testCases.Test1"/>
</testsuite> <!-- testCases.Test1 -->
