<?xml version="1.0" encoding="UTF-8"?>
<!-- Generated by org.testng.reporters.JUnitReportReporter -->
<testsuite skipped="0" hostname="LAPTOP-CJ41LFN6" name="testCases.Test1" tests="1" failures="0" timestamp="7 Dec 2023 15:23:29 GMT" time="1.703" errors="0">
  <testcase name="testPostUsingOrchestrate" time="1.703" classname="testCases.Test1"/>
</testsuite> <!-- testCases.Test1 -->
