<?xml version="1.0" encoding="UTF-8"?>
<!-- Generated by org.testng.reporters.JUnitReportReporter -->
<testsuite skipped="0" hostname="LAPTOP-CJ41LFN6" name="assignmentTest.Assignment2Test" tests="1" failures="0" timestamp="22 Nov 2023 20:38:41 GMT" time="0.152" errors="0">
  <testcase name="f" time="0.152" classname="assignmentTest.Assignment2Test"/>
</testsuite> <!-- assignmentTest.Assignment2Test -->
