<?xml version="1.0" encoding="UTF-8"?>
<!-- Generated by org.testng.reporters.JUnitReportReporter -->
<testsuite skipped="0" hostname="LAPTOP-CJ41LFN6" name="testCases.Test1" tests="1" failures="0" timestamp="11 Dec 2023 16:11:03 GMT" time="2.051" errors="0">
  <testcase name="testPostUsingOrchestrateionUsingRequestPojo" time="2.051" classname="testCases.Test1"/>
</testsuite> <!-- testCases.Test1 -->
