<?xml version="1.0" encoding="UTF-8"?>
<!-- Generated by org.testng.reporters.JUnitReportReporter -->
<testsuite skipped="0" hostname="LAPTOP-CJ41LFN6" name="testcase2.TestCase1" tests="1" failures="0" timestamp="5 Dec 2023 17:56:19 GMT" time="1.731" errors="0">
  <testcase name="testGetListUsers" time="1.731" classname="testcase2.TestCase1"/>
</testsuite> <!-- testcase2.TestCase1 -->
