<?xml version="1.0" encoding="UTF-8"?>
<!-- Generated by org.testng.reporters.JUnitReportReporter -->
<testsuite hostname="LAPTOP-CJ41LFN6" failures="0" tests="1" name="testcases.PatchTestCase" time="1.353" errors="0" timestamp="2024-01-08T01:50:52 GMT" skipped="0">
  <testcase classname="testcases.PatchTestCase" name="testPartiallyUpdateUserDetails" time="1.353"/>
</testsuite> <!-- testcases.PatchTestCase -->
