<?xml version="1.0" encoding="UTF-8"?>
<!-- Generated by org.testng.reporters.JUnitReportReporter -->
<testsuite hostname="LAPTOP-CJ41LFN6" failures="0" tests="4" name="testcases.TestCase1" time="1.924" errors="0" timestamp="2023-12-28T18:47:27 GMT" skipped="3">
  <testcase classname="testcases.TestCase1" name="testGetSingleUser" time="1.924"/>
  <system-out/>
  <testcase classname="testcases.TestCase1" name="testGetListUsers">
    <skipped/>
  </testcase> <!-- testGetListUsers -->
  <system-out/>
  <testcase classname="testcases.TestCase1" name="testGetSingleUsersNotFound">
    <skipped/>
  </testcase> <!-- testGetSingleUsersNotFound -->
  <system-out/>
  <testcase classname="testcases.TestCase1" name="testGetListResourses">
    <skipped/>
  </testcase> <!-- testGetListResourses -->
  <system-out/>
</testsuite> <!-- testcases.TestCase1 -->
