<?xml version="1.0" encoding="UTF-8"?>
<!-- Generated by org.testng.reporters.JUnitReportReporter -->
<testsuite hostname="LAPTOP-CJ41LFN6" failures="0" tests="6" name="testcases.GetTestCase" time="1.336" errors="0" timestamp="2024-01-08T18:03:12 GMT" skipped="5">
  <testcase classname="testcases.GetTestCase" name="testGetListResourses" time="1.336"/>
  <testcase classname="testcases.GetTestCase" name="testGetSingleUsersNotFound">
    <skipped/>
  </testcase> <!-- testGetSingleUsersNotFound -->
  <testcase classname="testcases.GetTestCase" name="testGetSingleResourceNotFound">
    <skipped/>
  </testcase> <!-- testGetSingleResourceNotFound -->
  <testcase classname="testcases.GetTestCase" name="testGetListUsers">
    <skipped/>
  </testcase> <!-- testGetListUsers -->
  <testcase classname="testcases.GetTestCase" name="testGetSingleUser">
    <skipped/>
  </testcase> <!-- testGetSingleUser -->
  <testcase classname="testcases.GetTestCase" name="testGetSingleResourse">
    <skipped/>
  </testcase> <!-- testGetSingleResourse -->
</testsuite> <!-- testcases.GetTestCase -->
