<?xml version="1.0" encoding="UTF-8"?>
<!-- Generated by org.testng.reporters.JUnitReportReporter -->
<testsuite hostname="LAPTOP-CJ41LFN6" failures="0" tests="4" name="testcases.PostTestcase" time="1.264" errors="0" timestamp="2024-01-02T17:51:13 GMT" skipped="3">
  <testcase classname="testcases.PostTestcase" name="RegisterSucessfull1" time="1.264"/>
  <testcase classname="testcases.PostTestcase" name="testRegisterSucessfull2">
    <skipped/>
  </testcase> <!-- testRegisterSucessfull2 -->
  <testcase classname="testcases.PostTestcase" name="testRegisterUnsucessfull">
    <skipped/>
  </testcase> <!-- testRegisterUnsucessfull -->
  <testcase classname="testcases.PostTestcase" name="testCreateUser">
    <skipped/>
  </testcase> <!-- testCreateUser -->
</testsuite> <!-- testcases.PostTestcase -->
